::1 - - [30/Aug/2018:08:56:36 +0000] "GET /api/playernames HTTP/1.1" 304 - "-" "Mozilla/5.0 (X11; Linux x86_64) AppleWebKit/537.36 (KHTML, like Gecko) Chrome/68.0.3440.106 Safari/537.36"
::1 - - [30/Aug/2018:09:44:22 +0000] "GET /api/user HTTP/1.1" 200 19 "-" "Mozilla/5.0 (X11; Linux x86_64) AppleWebKit/537.36 (KHTML, like Gecko) Chrome/68.0.3440.106 Safari/537.36"
::1 - - [30/Aug/2018:18:33:54 +0000] "GET /api/test HTTP/1.1" 200 32 "-" "PostmanRuntime/7.2.0"
::1 - - [31/Aug/2018:07:33:35 +0000] "POST /api/user HTTP/1.1" - - "-" "PostmanRuntime/7.2.0"
::1 - - [31/Aug/2018:07:33:42 +0000] "POST /api/user HTTP/1.1" - - "-" "PostmanRuntime/7.2.0"
::1 - - [03/Sep/2018:05:09:42 +0000] "POST /api/sms HTTP/1.1" - - "-" "PostmanRuntime/7.2.0"
::1 - - [03/Sep/2018:05:13:13 +0000] "POST /api/sms HTTP/1.1" - - "-" "PostmanRuntime/7.2.0"
::1 - - [03/Sep/2018:05:20:34 +0000] "POST /api/sms HTTP/1.1" - - "-" "PostmanRuntime/7.2.0"
::1 - - [03/Sep/2018:05:48:08 +0000] "POST /api/sms HTTP/1.1" - - "-" "PostmanRuntime/7.2.0"
::1 - - [03/Sep/2018:06:19:06 +0000] "POST /api/user HTTP/1.1" - - "-" "PostmanRuntime/7.2.0"
::1 - - [03/Sep/2018:06:36:20 +0000] "POST /api/user HTTP/1.1" 200 2 "-" "PostmanRuntime/7.2.0"
::1 - - [03/Sep/2018:06:39:35 +0000] "POST /api/user HTTP/1.1" 200 2 "-" "PostmanRuntime/7.2.0"
::1 - - [03/Sep/2018:06:44:27 +0000] "POST /api/user HTTP/1.1" 500 2131 "-" "PostmanRuntime/7.2.0"
::1 - - [03/Sep/2018:06:45:57 +0000] "POST /api/user HTTP/1.1" 500 2131 "-" "PostmanRuntime/7.2.0"
::1 - - [03/Sep/2018:06:47:57 +0000] "POST /api/user HTTP/1.1" 200 2 "-" "PostmanRuntime/7.2.0"
::1 - - [03/Sep/2018:06:48:43 +0000] "POST /api/user HTTP/1.1" 200 2 "-" "PostmanRuntime/7.2.0"
::1 - - [03/Sep/2018:06:50:57 +0000] "POST /api/user HTTP/1.1" - - "-" "PostmanRuntime/7.2.0"
::1 - - [03/Sep/2018:06:51:29 +0000] "POST /api/user HTTP/1.1" 200 2 "-" "PostmanRuntime/7.2.0"
::1 - - [03/Sep/2018:08:04:56 +0000] "POST /api/login HTTP/1.1" - - "-" "PostmanRuntime/7.2.0"
::1 - - [03/Sep/2018:08:12:27 +0000] "POST /api/user HTTP/1.1" 200 2 "-" "PostmanRuntime/7.2.0"
::1 - - [03/Sep/2018:08:14:28 +0000] "POST /api/user HTTP/1.1" 200 2 "-" "PostmanRuntime/7.2.0"
::1 - - [03/Sep/2018:08:19:48 +0000] "POST /api/login HTTP/1.1" 500 2127 "-" "PostmanRuntime/7.2.0"
::1 - - [03/Sep/2018:08:23:55 +0000] "POST /api/login HTTP/1.1" - - "-" "PostmanRuntime/7.2.0"
::1 - - [03/Sep/2018:08:33:06 +0000] "POST /api/login HTTP/1.1" - - "-" "PostmanRuntime/7.2.0"
::1 - - [03/Sep/2018:08:40:43 +0000] "POST /api/login HTTP/1.1" - - "-" "PostmanRuntime/7.2.0"
::1 - - [03/Sep/2018:08:47:33 +0000] "POST /api/login HTTP/1.1" - - "-" "PostmanRuntime/7.2.0"
::1 - - [03/Sep/2018:08:51:15 +0000] "POST /api/login HTTP/1.1" - - "-" "PostmanRuntime/7.2.0"
::1 - - [03/Sep/2018:08:57:41 +0000] "POST /api/login HTTP/1.1" - - "-" "PostmanRuntime/7.2.0"
::1 - - [03/Sep/2018:09:07:23 +0000] "POST /api/login HTTP/1.1" - - "-" "PostmanRuntime/7.2.0"
::1 - - [03/Sep/2018:09:09:25 +0000] "POST /api/login HTTP/1.1" - - "-" "PostmanRuntime/7.2.0"
::1 - - [03/Sep/2018:09:18:04 +0000] "POST /api/login HTTP/1.1" 200 31 "-" "PostmanRuntime/7.2.0"
